# JRE version: OpenJDK Runtime Environment (17.0.6) (build 17.0.6+0-b2043.56-10027231)
# Java VM: OpenJDK 64-Bit Server VM (17.0.6+0-b2043.56-10027231, mixed mode, tiered, compressed oops, compressed class ptrs, g1 gc, windows-amd64)
GC Precious Log:
 CPUs: 8 total, 8 available
 Memory: 16221M
 Large Page Support: Disabled
 NUMA Support: Disabled
 Compressed Oops: Enabled (32-bit)
 Heap Region Size: 1M
 Heap Min Capacity: 8M
 Heap Initial Capacity: 254M
 Heap Max Capacity: 2G
 Pre-touch: Disabled
 Parallel Workers: 8
 Concurrent Workers: 2
 Concurrent Refinement Workers: 8
 Periodic GC: Disabled
Heap:
 garbage-first heap   total 389120K, used 239483K [0x0000000080000000, 0x0000000100000000)
  region size 1024K, 6 young (6144K), 6 survivors (6144K)
 Metaspace       used 113334K, committed 114112K, reserved 1155072K
  class space    used 15690K, committed 16064K, reserved 1048576K
GC Heap History (20 events):
Event: 13.532 GC heap after
{Heap after GC invocations=42 (full 0):
 garbage-first heap   total 196608K, used 98423K [0x0000000080000000, 0x0000000100000000)
  region size 1024K, 7 young (7168K), 7 survivors (7168K)
 Metaspace       used 96127K, committed 96832K, reserved 1138688K
  class space    used 13238K, committed 13568K, reserved 1048576K
}
Event: 14.024 GC heap before
{Heap before GC invocations=43 (full 0):
 garbage-first heap   total 196608K, used 154743K [0x0000000080000000, 0x0000000100000000)
  region size 1024K, 63 young (64512K), 7 survivors (7168K)
 Metaspace       used 96699K, committed 97344K, reserved 1138688K
  class space    used 13277K, committed 13568K, reserved 1048576K
}
Event: 14.031 GC heap after
{Heap after GC invocations=44 (full 0):
 garbage-first heap   total 196608K, used 102655K [0x0000000080000000, 0x0000000100000000)
  region size 1024K, 6 young (6144K), 6 survivors (6144K)
 Metaspace       used 96699K, committed 97344K, reserved 1138688K
  class space    used 13277K, committed 13568K, reserved 1048576K
}
Event: 14.062 GC heap before
{Heap before GC invocations=44 (full 0):
 garbage-first heap   total 196608K, used 105727K [0x0000000080000000, 0x0000000100000000)
  region size 1024K, 9 young (9216K), 6 survivors (6144K)
 Metaspace       used 96767K, committed 97408K, reserved 1138688K
  class space    used 13287K, committed 13568K, reserved 1048576K
}
Event: 14.067 GC heap after
{Heap after GC invocations=45 (full 0):
 garbage-first heap   total 196608K, used 101861K [0x0000000080000000, 0x0000000100000000)
  region size 1024K, 1 young (1024K), 1 survivors (1024K)
 Metaspace       used 96767K, committed 97408K, reserved 1138688K
  class space    used 13287K, committed 13568K, reserved 1048576K
}
Event: 14.593 GC heap before
{Heap before GC invocations=45 (full 0):
 garbage-first heap   total 196608K, used 158181K [0x0000000080000000, 0x0000000100000000)
  region size 1024K, 57 young (58368K), 1 survivors (1024K)
 Metaspace       used 98532K, committed 99200K, reserved 1138688K
  class space    used 13527K, committed 13824K, reserved 1048576K
}
Event: 14.598 GC heap after
{Heap after GC invocations=46 (full 0):
 garbage-first heap   total 314368K, used 106533K [0x0000000080000000, 0x0000000100000000)
  region size 1024K, 6 young (6144K), 6 survivors (6144K)
 Metaspace       used 98532K, committed 99200K, reserved 1138688K
  class space    used 13527K, committed 13824K, reserved 1048576K
}
Event: 15.858 GC heap before
{Heap before GC invocations=47 (full 0):
 garbage-first heap   total 314368K, used 289829K [0x0000000080000000, 0x0000000100000000)
  region size 1024K, 145 young (148480K), 6 survivors (6144K)
 Metaspace       used 104801K, committed 105536K, reserved 1146880K
  class space    used 14318K, committed 14720K, reserved 1048576K
}
Event: 15.879 GC heap after
{Heap after GC invocations=48 (full 0):
 garbage-first heap   total 323584K, used 155887K [0x0000000080000000, 0x0000000100000000)
  region size 1024K, 19 young (19456K), 19 survivors (19456K)
 Metaspace       used 104801K, committed 105536K, reserved 1146880K
  class space    used 14318K, committed 14720K, reserved 1048576K
}
Event: 15.888 GC heap before
{Heap before GC invocations=48 (full 0):
 garbage-first heap   total 323584K, used 156911K [0x0000000080000000, 0x0000000100000000)
  region size 1024K, 20 young (20480K), 19 survivors (19456K)
 Metaspace       used 104801K, committed 105536K, reserved 1146880K
  class space    used 14318K, committed 14720K, reserved 1048576K
}
Event: 15.903 GC heap after
{Heap after GC invocations=49 (full 0):
 garbage-first heap   total 323584K, used 157034K [0x0000000080000000, 0x0000000100000000)
  region size 1024K, 3 young (3072K), 3 survivors (3072K)
 Metaspace       used 104801K, committed 105536K, reserved 1146880K
  class space    used 14318K, committed 14720K, reserved 1048576K
}
Event: 16.380 GC heap before
{Heap before GC invocations=49 (full 0):
 garbage-first heap   total 323584K, used 250218K [0x0000000080000000, 0x0000000100000000)
  region size 1024K, 94 young (96256K), 3 survivors (3072K)
 Metaspace       used 107592K, committed 108352K, reserved 1146880K
  class space    used 14876K, committed 15232K, reserved 1048576K
}
Event: 16.409 GC heap after
{Heap after GC invocations=50 (full 0):
 garbage-first heap   total 323584K, used 197632K [0x0000000080000000, 0x0000000100000000)
  region size 1024K, 12 young (12288K), 12 survivors (12288K)
 Metaspace       used 107592K, committed 108352K, reserved 1146880K
  class space    used 14876K, committed 15232K, reserved 1048576K
}
Event: 16.879 GC heap before
{Heap before GC invocations=50 (full 0):
 garbage-first heap   total 323584K, used 247808K [0x0000000080000000, 0x0000000100000000)
  region size 1024K, 62 young (63488K), 12 survivors (12288K)
 Metaspace       used 111105K, committed 111872K, reserved 1146880K
  class space    used 15376K, committed 15744K, reserved 1048576K
}
Event: 16.909 GC heap after
{Heap after GC invocations=51 (full 0):
 garbage-first heap   total 323584K, used 218112K [0x0000000080000000, 0x0000000100000000)
  region size 1024K, 8 young (8192K), 8 survivors (8192K)
 Metaspace       used 111105K, committed 111872K, reserved 1146880K
  class space    used 15376K, committed 15744K, reserved 1048576K
}
Event: 17.662 GC heap before
{Heap before GC invocations=52 (full 0):
 garbage-first heap   total 389120K, used 254976K [0x0000000080000000, 0x0000000100000000)
  region size 1024K, 45 young (46080K), 8 survivors (8192K)
 Metaspace       used 112227K, committed 113024K, reserved 1146880K
  class space    used 15557K, committed 15936K, reserved 1048576K
}
Event: 17.675 GC heap after
{Heap after GC invocations=53 (full 0):
 garbage-first heap   total 389120K, used 224677K [0x0000000080000000, 0x0000000100000000)
  region size 1024K, 5 young (5120K), 5 survivors (5120K)
 Metaspace       used 112227K, committed 113024K, reserved 1146880K
  class space    used 15557K, committed 15936K, reserved 1048576K
}
Event: 17.810 GC heap before
{Heap before GC invocations=53 (full 0):
 garbage-first heap   total 389120K, used 237989K [0x0000000080000000, 0x0000000100000000)
  region size 1024K, 19 young (19456K), 5 survivors (5120K)
 Metaspace       used 112658K, committed 113472K, reserved 1146880K
  class space    used 15613K, committed 16000K, reserved 1048576K
}
Event: 17.817 GC heap after
{Heap after GC invocations=54 (full 0):
 garbage-first heap   total 389120K, used 224727K [0x0000000080000000, 0x0000000100000000)
  region size 1024K, 3 young (3072K), 3 survivors (3072K)
 Metaspace       used 112658K, committed 113472K, reserved 1146880K
  class space    used 15613K, committed 16000K, reserved 1048576K
}
Event: 19.066 GC heap before
{Heap before GC invocations=54 (full 0):
 garbage-first heap   total 389120K, used 306647K [0x0000000080000000, 0x0000000100000000)
  region size 1024K, 73 young (74752K), 3 survivors (3072K)
 Metaspace       used 113334K, committed 114112K, reserved 1155072K
  class space    used 15690K, committed 16064K, reserved 1048576K
}

